TN:
SF:/home/labber/lighthouse/LHL_Projects/scheduler-app/scheduler/src/components/Application.js
FN:16,Application
FN:27,(anonymous_1)
FNF:2
FNH:2
FNDA:8,Application
FNDA:10,(anonymous_1)
DA:22,8
DA:24,8
DA:26,8
DA:28,10
DA:41,8
LF:5
LH:5
BRF:0
BRH:0
end_of_record
TN:
SF:/home/labber/lighthouse/LHL_Projects/scheduler-app/scheduler/src/components/Button.js
FN:7,Button
FNF:1
FNH:1
FNDA:37,Button
DA:8,37
DA:13,37
LF:2
LH:2
BRF:0
BRH:0
end_of_record
TN:
SF:/home/labber/lighthouse/LHL_Projects/scheduler-app/scheduler/src/components/DayList.js
FN:5,DayList
FN:6,(anonymous_1)
FNF:2
FNH:2
FNDA:8,DayList
FNDA:10,(anonymous_1)
DA:6,8
DA:7,10
DA:18,8
LF:3
LH:3
BRF:0
BRH:0
end_of_record
TN:
SF:/home/labber/lighthouse/LHL_Projects/scheduler-app/scheduler/src/components/DayListItem.js
FN:6,formatSpots
FN:13,DayListItem
FN:22,(anonymous_2)
FNF:3
FNH:3
FNDA:10,formatSpots
FNDA:10,DayListItem
FNDA:1,(anonymous_2)
DA:7,10
DA:8,10
DA:10,1
DA:14,10
DA:19,10
DA:22,1
LF:6
LH:6
BRDA:7,0,0,0
BRDA:7,0,1,10
BRDA:8,1,0,9
BRDA:8,1,1,1
BRF:4
BRH:3
end_of_record
TN:
SF:/home/labber/lighthouse/LHL_Projects/scheduler-app/scheduler/src/components/InterviewerList.js
FN:8,InterviewerList
FN:9,(anonymous_1)
FN:17,(anonymous_2)
FNF:3
FNH:2
FNDA:17,InterviewerList
FNDA:17,(anonymous_1)
FNDA:0,(anonymous_2)
DA:9,17
DA:10,17
DA:17,0
DA:22,17
DA:30,3
LF:5
LH:4
BRF:0
BRH:0
end_of_record
TN:
SF:/home/labber/lighthouse/LHL_Projects/scheduler-app/scheduler/src/components/InterviewerListItem.js
FN:6,InterviewerItem
FNF:1
FNH:1
FNDA:17,InterviewerItem
DA:7,17
DA:11,17
LF:2
LH:2
BRDA:18,0,0,17
BRDA:18,0,1,7
BRF:2
BRH:2
end_of_record
TN:
SF:/home/labber/lighthouse/LHL_Projects/scheduler-app/scheduler/src/components/Appointment/Confirm.js
FN:5,Confirm
FNF:1
FNH:1
FNDA:1,Confirm
DA:6,1
LF:1
LH:1
BRF:0
BRH:0
end_of_record
TN:
SF:/home/labber/lighthouse/LHL_Projects/scheduler-app/scheduler/src/components/Appointment/Empty.js
FN:3,Empty
FNF:1
FNH:1
FNDA:15,Empty
DA:4,15
LF:1
LH:1
BRF:0
BRH:0
end_of_record
TN:
SF:/home/labber/lighthouse/LHL_Projects/scheduler-app/scheduler/src/components/Appointment/Error.js
FN:3,Error
FNF:1
FNH:0
FNDA:0,Error
DA:4,0
LF:1
LH:0
BRF:0
BRH:0
end_of_record
TN:
SF:/home/labber/lighthouse/LHL_Projects/scheduler-app/scheduler/src/components/Appointment/Form.js
FN:6,Form
FN:11,reset
FN:16,cancel
FN:20,validate
FN:37,(anonymous_4)
FN:44,(anonymous_5)
FNF:6
FNH:5
FNDA:18,Form
FNDA:1,reset
FNDA:1,cancel
FNDA:7,validate
FNDA:0,(anonymous_4)
FNDA:3,(anonymous_5)
DA:7,18
DA:8,18
DA:9,18
DA:12,1
DA:13,1
DA:17,1
DA:18,1
DA:21,7
DA:22,2
DA:23,2
DA:25,5
DA:26,2
DA:27,2
DA:29,3
DA:30,3
DA:34,18
DA:37,0
DA:45,3
LF:18
LH:17
BRDA:7,0,0,18
BRDA:7,0,1,10
BRDA:8,1,0,18
BRDA:8,1,1,10
BRDA:21,2,0,2
BRDA:21,2,1,5
BRDA:25,3,0,2
BRDA:25,3,1,3
BRF:8
BRH:8
end_of_record
TN:
SF:/home/labber/lighthouse/LHL_Projects/scheduler-app/scheduler/src/components/Appointment/Header.js
FN:3,Header
FNF:1
FNH:1
FNDA:22,Header
DA:4,22
LF:1
LH:1
BRF:0
BRH:0
end_of_record
TN:
SF:/home/labber/lighthouse/LHL_Projects/scheduler-app/scheduler/src/components/Appointment/Show.js
FN:3,Show
FNF:1
FNH:1
FNDA:4,Show
DA:4,4
LF:1
LH:1
BRDA:11,0,0,4
BRDA:11,0,1,4
BRF:2
BRH:2
end_of_record
TN:
SF:/home/labber/lighthouse/LHL_Projects/scheduler-app/scheduler/src/components/Appointment/Status.js
FN:3,Status
FNF:1
FNH:1
FNDA:2,Status
DA:4,2
LF:1
LH:1
BRF:0
BRH:0
end_of_record
TN:
SF:/home/labber/lighthouse/LHL_Projects/scheduler-app/scheduler/src/components/Appointment/index.js
FN:15,Appointment
FN:30,save
FN:40,(anonymous_2)
FN:41,(anonymous_3)
FN:46,destroy
FN:50,(anonymous_5)
FN:51,(anonymous_6)
FN:56,(anonymous_7)
FN:61,(anonymous_8)
FN:62,(anonymous_9)
FNF:10
FNH:4
FNDA:22,Appointment
FNDA:0,save
FNDA:0,(anonymous_2)
FNDA:0,(anonymous_3)
FNDA:1,destroy
FNDA:1,(anonymous_5)
FNDA:0,(anonymous_6)
FNDA:0,(anonymous_7)
FNDA:1,(anonymous_8)
FNDA:0,(anonymous_9)
DA:16,22
DA:17,22
DA:18,22
DA:19,22
DA:20,22
DA:21,22
DA:22,22
DA:23,22
DA:24,22
DA:25,22
DA:31,0
DA:36,0
DA:38,0
DA:40,0
DA:41,0
DA:47,1
DA:48,1
DA:50,1
DA:51,0
DA:53,22
DA:56,0
DA:61,1
DA:62,0
LF:23
LH:15
BRDA:26,0,0,6
BRDA:26,0,1,16
BRDA:56,1,0,22
BRDA:56,1,1,15
BRDA:57,2,0,22
BRDA:57,2,1,4
BRDA:65,3,0,22
BRDA:65,3,1,0
BRDA:68,4,0,22
BRDA:68,4,1,0
BRDA:77,5,0,22
BRDA:77,5,1,0
BRDA:78,6,0,22
BRDA:78,6,1,2
BRDA:79,7,0,22
BRDA:79,7,1,1
BRDA:86,8,0,22
BRDA:86,8,1,0
BRDA:89,9,0,22
BRDA:89,9,1,0
BRF:20
BRH:15
end_of_record
TN:
SF:/home/labber/lighthouse/LHL_Projects/scheduler-app/scheduler/src/helpers/selectors.js
FN:1,getAppointmentsForDay
FN:2,(anonymous_1)
FN:6,(anonymous_2)
FN:9,getInterviewersForDay
FN:10,(anonymous_4)
FN:14,(anonymous_5)
FN:17,getInterview
FNF:7
FNH:7
FNDA:13,getAppointmentsForDay
FNDA:12,(anonymous_1)
FNDA:18,(anonymous_2)
FNDA:13,getInterviewersForDay
FNDA:12,(anonymous_4)
FNDA:16,(anonymous_5)
FNDA:12,getInterview
DA:2,13
DA:4,13
DA:6,18
DA:10,13
DA:12,13
DA:14,16
DA:18,12
LF:7
LH:7
BRDA:4,0,0,5
BRDA:4,0,1,8
BRDA:4,1,0,13
BRDA:4,1,1,9
BRDA:12,2,0,5
BRDA:12,2,1,8
BRDA:12,3,0,13
BRDA:12,3,1,9
BRDA:19,4,0,12
BRDA:19,4,1,5
BRF:10
BRH:10
end_of_record
TN:
SF:/home/labber/lighthouse/LHL_Projects/scheduler-app/scheduler/src/hooks/useApplicationData.js
FN:13,useApplicationData
FN:21,(anonymous_1)
FN:23,(anonymous_2)
FN:29,(anonymous_3)
FN:41,bookInterview
FN:42,(anonymous_5)
FN:51,cancelInterview
FN:52,(anonymous_7)
FNF:8
FNH:6
FNDA:8,useApplicationData
FNDA:1,(anonymous_1)
FNDA:3,(anonymous_2)
FNDA:3,(anonymous_3)
FNDA:0,bookInterview
FNDA:0,(anonymous_5)
FNDA:1,cancelInterview
FNDA:1,(anonymous_7)
DA:14,8
DA:21,8
DA:23,8
DA:24,3
DA:30,3
DA:39,8
DA:42,0
DA:43,0
DA:52,1
DA:53,1
DA:61,8
LF:11
LH:9
BRF:0
BRH:0
end_of_record
TN:
SF:/home/labber/lighthouse/LHL_Projects/scheduler-app/scheduler/src/hooks/useRealtimeUpdate.js
FN:4,useRealtimeUpdate
FN:5,(anonymous_1)
FN:8,(anonymous_2)
FN:16,(anonymous_3)
FNF:4
FNH:3
FNDA:8,useRealtimeUpdate
FNDA:3,(anonymous_1)
FNDA:0,(anonymous_2)
FNDA:3,(anonymous_3)
DA:5,8
DA:6,3
DA:8,3
DA:9,0
DA:11,0
DA:12,0
DA:16,3
DA:17,3
LF:8
LH:5
BRDA:11,0,0,0
BRDA:11,0,1,0
BRDA:11,1,0,0
BRDA:11,1,1,0
BRF:4
BRH:0
end_of_record
TN:
SF:/home/labber/lighthouse/LHL_Projects/scheduler-app/scheduler/src/hooks/useVisualMode.js
FN:3,useVisualMode
FN:6,transition
FN:7,(anonymous_2)
FN:11,back
FN:12,(anonymous_4)
FNF:5
FNH:5
FNDA:31,useVisualMode
FNDA:6,transition
FNDA:6,(anonymous_2)
FNDA:3,back
FNDA:3,(anonymous_4)
DA:4,31
DA:7,6
DA:8,6
DA:12,3
DA:14,31
LF:5
LH:5
BRDA:6,0,0,5
BRDA:8,1,0,1
BRDA:8,1,1,5
BRDA:12,2,0,2
BRDA:12,2,1,1
BRF:5
BRH:5
end_of_record
TN:
SF:/home/labber/lighthouse/LHL_Projects/scheduler-app/scheduler/src/reducers/application.js
FN:5,reducer
FN:27,(anonymous_1)
FN:30,(anonymous_2)
FN:34,(anonymous_3)
FNF:4
FNH:4
FNDA:6,reducer
FNDA:1,(anonymous_1)
FNDA:2,(anonymous_2)
FNDA:2,(anonymous_3)
DA:1,2
DA:2,2
DA:3,2
DA:6,6
DA:8,1
DA:10,3
DA:17,1
DA:22,1
DA:27,1
DA:28,1
DA:30,2
DA:34,1
DA:35,2
DA:43,1
DA:50,1
LF:15
LH:15
BRDA:6,0,0,1
BRDA:6,0,1,3
BRDA:6,0,2,1
BRDA:6,0,3,1
BRDA:19,1,0,1
BRDA:19,1,1,0
BRDA:30,2,0,0
BRDA:30,2,1,2
BRDA:35,3,0,1
BRDA:35,3,1,1
BRF:10
BRH:8
end_of_record
